<?xml version="1.0" encoding="UTF-8"?>
<!-- Generated by org.testng.reporters.JUnitXMLReporter -->
<testsuite ignored="0" hostname="AmeerPC" failures="0" tests="2" name="Book Room Test_chrome" time="12.1" errors="0" timestamp="2025-02-04T17:44:50 GMT">
  <testcase classname="com.companieshouseAssig.tests.BookRoomTest" name="sendbookDetails" time="8.234"/>
  <testcase classname="com.companieshouseAssig.tests.BookRoomTest" name="closeBookingMessage" time="0.0"/>
</testsuite> <!-- Book Room Test_chrome -->
