<?xml version="1.0" encoding="UTF-8"?>
<!-- Generated by org.testng.reporters.JUnitXMLReporter -->
<testsuite ignored="0" hostname="AmeerPC" failures="0" tests="4" name="Check Contact Retrive Database Test_chrome" time="13.63" errors="0" timestamp="2025-02-04T17:33:17 GMT">
  <testcase classname="com.companieshouseAssig.tests.ConactDetailsRetriveDBTest" name="sendContactDetails" time="0.72"/>
  <testcase classname="com.companieshouseAssig.tests.ConactDetailsRetriveDBTest" name="verfiySubmitedMessage" time="0.223"/>
  <testcase classname="com.companieshouseAssig.tests.ConactDetailsRetriveDBTest" name="loginadmin" time="5.616"/>
  <testcase classname="com.companieshouseAssig.tests.ConactDetailsRetriveDBTest" name="verfiyDataEntry" time="2.353"/>
</testsuite> <!-- Check Contact Retrive Database Test_chrome -->
