<?xml version="1.0" encoding="UTF-8"?>
<!-- Generated by org.testng.reporters.JUnitXMLReporter -->
<testsuite ignored="0" hostname="AmeerPC" failures="0" tests="4" name="Check Contact Retrive Database Test_chrome" time="8.077" errors="0" timestamp="2025-02-04T17:45:39 GMT">
  <testcase classname="com.companieshouseAssig.tests.ConactDetailsRetriveDBTest" name="sendContactDetails" time="0.536"/>
  <testcase classname="com.companieshouseAssig.tests.ConactDetailsRetriveDBTest" name="verfiySubmitedMessage" time="0.842"/>
  <testcase classname="com.companieshouseAssig.tests.ConactDetailsRetriveDBTest" name="loginadmin" time="2.364"/>
  <testcase classname="com.companieshouseAssig.tests.ConactDetailsRetriveDBTest" name="verfiyDataEntry" time="0.266"/>
</testsuite> <!-- Check Contact Retrive Database Test_chrome -->
