<?xml version="1.0" encoding="UTF-8"?>
<!-- Generated by org.testng.reporters.JUnitXMLReporter -->
<testsuite ignored="0" hostname="AmeerPC" failures="0" tests="2" name="Conact Details Send Test_chrome" time="2.456" errors="0" timestamp="2025-01-26T19:52:12 GMT">
  <testcase classname="com.companieshouseAssig.tests.ConactDetailsSendTest" name="sendContactDetails" time="0.718"/>
  <testcase classname="com.companieshouseAssig.tests.ConactDetailsSendTest" name="verfiySubmitedMessage" time="0.078"/>
</testsuite> <!-- Conact Details Send Test_chrome -->
