<?xml version="1.0" encoding="UTF-8"?>
<!-- Generated by org.testng.reporters.JUnitXMLReporter -->
<testsuite ignored="0" hostname="AmeerPC" failures="0" tests="2" name="Creating a Room Test_chrome" time="7.546" errors="0" timestamp="2025-02-04T17:33:04 GMT">
  <testcase classname="com.companieshouseAssig.tests.CreateRoomTest" name="login" time="2.548"/>
  <testcase classname="com.companieshouseAssig.tests.CreateRoomTest" name="sendbookDetails" time="0.847"/>
</testsuite> <!-- Creating a Room Test_chrome -->
