<?xml version="1.0" encoding="UTF-8"?>
<!-- Generated by org.testng.reporters.JUnitXMLReporter -->
<testsuite ignored="0" hostname="AmeerPC" failures="0" tests="2" name="Creating a Room Test_chrome" time="6.645" errors="0" timestamp="2025-01-26T19:52:42 GMT">
  <testcase classname="com.companieshouseAssig.tests.CreateRoomTest" name="login" time="2.835"/>
  <testcase classname="com.companieshouseAssig.tests.CreateRoomTest" name="sendbookDetails" time="2.181"/>
</testsuite> <!-- Creating a Room Test_chrome -->
