<?xml version="1.0" encoding="UTF-8"?>
<!-- Generated by org.testng.reporters.JUnitXMLReporter -->
<testsuite ignored="0" hostname="AmeerPC" failures="0" tests="2" name="Home Page Test_chrome" time="4.396" errors="0" timestamp="2025-01-26T19:52:00 GMT">
  <testcase classname="com.companieshouseAssig.tests.HomePageTest" name="homePageTitleTest" time="0.029"/>
  <testcase classname="com.companieshouseAssig.tests.HomePageTest" name="homePageURLTest" time="0.002"/>
</testsuite> <!-- Home Page Test_chrome -->
