<?xml version="1.0" encoding="UTF-8"?>
<!-- Generated by org.testng.reporters.JUnitXMLReporter -->
<testsuite ignored="0" hostname="AmeerPC" failures="1" tests="2" name="Login test Data Driven Approach Test_chrome" time="38.429" errors="0" timestamp="2025-02-04T17:34:37 GMT">
  <testcase classname="com.companieshouseAssig.tests.LoginTestDataDriven" name="verifyAppLoginFunctionality" time="0.617"/>
  <testcase classname="com.companieshouseAssig.tests.LoginTestDataDriven" name="verifyAppLoginFunctionality" time="30.226">
    <failure type="com.microsoft.playwright.TimeoutError" message="Error {
  message=&amp;apos;Timeout 30000ms exceeded.
  name=&amp;apos;TimeoutError
  stack=&amp;apos;TimeoutError: Timeout 30000ms exceeded.
    at ProgressController.run (C:\Users\aamir\AppData\Local\Temp\playwright-java-538505439556120954\package\lib\server\progress.js:75:26)
    at Frame._callOnElementOnceMatches (C:\Users\aamir\AppData\Local\Temp\playwright-java-538505439556120954\package\lib\server\frames.js:1479:23)
    at Frame.textContent (C:\Users\aamir\AppData\Local\Temp\playwright-java-538505439556120954\package\lib\server\frames.js:1089:17)
    at FrameDispatcher.textContent (C:\Users\aamir\AppData\Local\Temp\playwright-java-538505439556120954\package\lib\server\dispatchers\frameDispatcher.js:179:37)
    at FrameDispatcher._handleCommand (C:\Users\aamir\AppData\Local\Temp\playwright-java-538505439556120954\package\lib\server\dispatchers\dispatcher.js:94:40)
    at DispatcherConnection.dispatch (C:\Users\aamir\AppData\Local\Temp\playwright-java-538505439556120954\package\lib\server\dispatchers\dispatcher.js:361:39)
}
Call log:
-   - waiting for locator(&amp;quot;errorMessage&amp;quot;)
">
      <![CDATA[com.microsoft.playwright.TimeoutError: Error {
  message='Timeout 30000ms exceeded.
  name='TimeoutError
  stack='TimeoutError: Timeout 30000ms exceeded.
    at ProgressController.run (C:\Users\aamir\AppData\Local\Temp\playwright-java-538505439556120954\package\lib\server\progress.js:75:26)
    at Frame._callOnElementOnceMatches (C:\Users\aamir\AppData\Local\Temp\playwright-java-538505439556120954\package\lib\server\frames.js:1479:23)
    at Frame.textContent (C:\Users\aamir\AppData\Local\Temp\playwright-java-538505439556120954\package\lib\server\frames.js:1089:17)
    at FrameDispatcher.textContent (C:\Users\aamir\AppData\Local\Temp\playwright-java-538505439556120954\package\lib\server\dispatchers\frameDispatcher.js:179:37)
    at FrameDispatcher._handleCommand (C:\Users\aamir\AppData\Local\Temp\playwright-java-538505439556120954\package\lib\server\dispatchers\dispatcher.js:94:40)
    at DispatcherConnection.dispatch (C:\Users\aamir\AppData\Local\Temp\playwright-java-538505439556120954\package\lib\server\dispatchers\dispatcher.js:361:39)
}
Call log:
-   - waiting for locator("errorMessage")

at com.microsoft.playwright.impl.WaitableResult.get(WaitableResult.java:52)
at com.microsoft.playwright.impl.ChannelOwner.runUntil(ChannelOwner.java:132)
at com.microsoft.playwright.impl.Connection.sendMessage(Connection.java:130)
at com.microsoft.playwright.impl.ChannelOwner.sendMessage(ChannelOwner.java:118)
at com.microsoft.playwright.impl.FrameImpl.textContentImpl(FrameImpl.java:818)
at com.microsoft.playwright.impl.FrameImpl.lambda$textContent$38(FrameImpl.java:809)
at com.microsoft.playwright.impl.LoggingSupport.withLogging(LoggingSupport.java:47)
at com.microsoft.playwright.impl.ChannelOwner.withLogging(ChannelOwner.java:97)
at com.microsoft.playwright.impl.FrameImpl.textContent(FrameImpl.java:809)
at com.microsoft.playwright.impl.LocatorImpl.textContent(LocatorImpl.java:606)
at com.microsoft.playwright.Locator.textContent(Locator.java:5269)
at com.companieshouseAssig.pageObject.LoginPage.getErrorMessage(LoginPage.java:38)
at com.companieshouseAssig.tests.LoginTestDataDriven.verifyAppLoginFunctionality(LoginTestDataDriven.java:33)
at java.base/jdk.internal.reflect.DirectMethodHandleAccessor.invoke(DirectMethodHandleAccessor.java:103)
at java.base/java.lang.reflect.Method.invoke(Method.java:580)
at org.testng.internal.MethodInvocationHelper.invokeMethod(MethodInvocationHelper.java:133)
at org.testng.internal.TestInvoker.invokeMethod(TestInvoker.java:598)
at org.testng.internal.TestInvoker.invokeTestMethod(TestInvoker.java:173)
at org.testng.internal.MethodRunner.runInSequence(MethodRunner.java:46)
at org.testng.internal.TestInvoker$MethodInvocationAgent.invoke(TestInvoker.java:824)
at org.testng.internal.TestInvoker.invokeTestMethods(TestInvoker.java:146)
at org.testng.internal.TestMethodWorker.invokeTestMethods(TestMethodWorker.java:146)
at org.testng.internal.TestMethodWorker.run(TestMethodWorker.java:128)
at java.base/java.util.ArrayList.forEach(ArrayList.java:1597)
at org.testng.TestRunner.privateRun(TestRunner.java:794)
at org.testng.TestRunner.run(TestRunner.java:596)
at org.testng.SuiteRunner.runTest(SuiteRunner.java:377)
at org.testng.SuiteRunner.access$000(SuiteRunner.java:28)
at org.testng.SuiteRunner$SuiteWorker.run(SuiteRunner.java:418)
at org.testng.internal.thread.ThreadUtil.lambda$execute$0(ThreadUtil.java:64)
at java.base/java.util.concurrent.FutureTask.run(FutureTask.java:317)
at java.base/java.util.concurrent.ThreadPoolExecutor.runWorker(ThreadPoolExecutor.java:1144)
at java.base/java.util.concurrent.ThreadPoolExecutor$Worker.run(ThreadPoolExecutor.java:642)
at java.base/java.lang.Thread.run(Thread.java:1570)
Caused by: com.microsoft.playwright.TimeoutError: Error {
  message='Timeout 30000ms exceeded.
  name='TimeoutError
  stack='TimeoutError: Timeout 30000ms exceeded.
    at ProgressController.run (C:\Users\aamir\AppData\Local\Temp\playwright-java-538505439556120954\package\lib\server\progress.js:75:26)
    at Frame._callOnElementOnceMatches (C:\Users\aamir\AppData\Local\Temp\playwright-java-538505439556120954\package\lib\server\frames.js:1479:23)
    at Frame.textContent (C:\Users\aamir\AppData\Local\Temp\playwright-java-538505439556120954\package\lib\server\frames.js:1089:17)
    at FrameDispatcher.textContent (C:\Users\aamir\AppData\Local\Temp\playwright-java-538505439556120954\package\lib\server\dispatchers\frameDispatcher.js:179:37)
    at FrameDispatcher._handleCommand (C:\Users\aamir\AppData\Local\Temp\playwright-java-538505439556120954\package\lib\server\dispatchers\dispatcher.js:94:40)
    at DispatcherConnection.dispatch (C:\Users\aamir\AppData\Local\Temp\playwright-java-538505439556120954\package\lib\server\dispatchers\dispatcher.js:361:39)
}
Call log:
-   - waiting for locator("errorMessage")

at com.microsoft.playwright.impl.Connection.dispatch(Connection.java:254)
at com.microsoft.playwright.impl.Connection.processOneMessage(Connection.java:211)
at com.microsoft.playwright.impl.ChannelOwner.runUntil(ChannelOwner.java:130)
... 32 more
]]>
    </failure>
  </testcase> <!-- verifyAppLoginFunctionality -->
</testsuite> <!-- Login test Data Driven Approach Test_chrome -->
