<?xml version="1.0" encoding="UTF-8"?>
<!-- Generated by org.testng.reporters.JUnitXMLReporter -->
<testsuite ignored="0" hostname="AmeerPC" failures="0" tests="3" name="Login Test_chrome" time="5.312" errors="0" timestamp="2025-02-04T17:44:38 GMT">
  <testcase classname="com.companieshouseAssig.tests.LoginTest" name="adminClick" time="0.318"/>
  <testcase classname="com.companieshouseAssig.tests.LoginTest" name="adminLogin" time="0.004"/>
  <testcase classname="com.companieshouseAssig.tests.LoginTest" name="appLoginTest" time="0.958"/>
</testsuite> <!-- Login Test_chrome -->
