<?xml version="1.0" encoding="UTF-8"?>
<!-- Generated by org.testng.reporters.JUnitXMLReporter -->
<testsuite ignored="0" hostname="AmeerPC" failures="0" tests="3" name="Login Test_chrome" time="2.367" errors="0" timestamp="2025-01-26T19:52:03 GMT">
  <testcase classname="com.companieshouseAssig.tests.LoginTest" name="adminClick" time="0.413"/>
  <testcase classname="com.companieshouseAssig.tests.LoginTest" name="adminLogin" time="0.001"/>
  <testcase classname="com.companieshouseAssig.tests.LoginTest" name="appLoginTest" time="0.616"/>
</testsuite> <!-- Login Test_chrome -->
