<?xml version="1.0" encoding="UTF-8"?>
<!-- Generated by org.testng.reporters.JUnitXMLReporter -->
<testsuite ignored="0" hostname="AmeerPC" failures="0" tests="3" name="Responsivness Login test Test_chrome" time="4.46" errors="0" timestamp="2025-02-04T17:46:49 GMT">
  <testcase classname="com.companieshouseAssig.tests.NFTResponsivenessLoginTest" name="adminClick" time="0.265"/>
  <testcase classname="com.companieshouseAssig.tests.NFTResponsivenessLoginTest" name="adminLogin" time="0.009"/>
  <testcase classname="com.companieshouseAssig.tests.NFTResponsivenessLoginTest" name="appLoginTest" time="0.349"/>
</testsuite> <!-- Responsivness Login test Test_chrome -->
