<?xml version="1.0" encoding="UTF-8"?>
<!-- Generated by org.testng.reporters.JUnitXMLReporter -->
<testsuite ignored="0" hostname="AmeerPC" failures="0" tests="3" name="Responsivness Login test Test_chrome" time="3.179" errors="0" timestamp="2025-01-26T19:53:52 GMT">
  <testcase classname="com.companieshouseAssig.tests.NFTResponsivenessLoginTest" name="adminClick" time="0.586"/>
  <testcase classname="com.companieshouseAssig.tests.NFTResponsivenessLoginTest" name="adminLogin" time="0.005"/>
  <testcase classname="com.companieshouseAssig.tests.NFTResponsivenessLoginTest" name="appLoginTest" time="0.711"/>
</testsuite> <!-- Responsivness Login test Test_chrome -->
