<?xml version="1.0" encoding="UTF-8"?>
<!-- Generated by org.testng.reporters.JUnitXMLReporter -->
<testsuite ignored="0" hostname="AmeerPC" failures="0" tests="3" name="Scalability Login test Test_chrome" time="126.994" errors="0" timestamp="2025-01-26T20:05:22 GMT">
  <testcase classname="com.companieshouseAssig.tests.NFTScalabilityLoginTest" name="scaleLoginwithMultipleUserTest" time="19.457"/>
  <testcase classname="com.companieshouseAssig.tests.NFTScalabilityLoginTest" name="scaleLoginTestwithMultipleattempts" time="18.194"/>
  <testcase classname="com.companieshouseAssig.tests.NFTScalabilityLoginTest" name="scaleLoginTestwithWithLargeNumberOfUsers" time="85.824"/>
</testsuite> <!-- Scalability Login test Test_chrome -->
